<?xml version="1.0" encoding="UTF-8"?>
<!-- Generated by org.testng.reporters.JUnitReportReporter -->
<testsuite hostname="DESKTOP-46COAO3" failures="0" tests="4" name="TestCases.CartPageTest" time="47.648" errors="0" timestamp="2022-12-30T11:46:50 IST" skipped="3">
  <testcase classname="TestCases.CartPageTest" name="removeProductTest" time="47.648"/>
  <testcase classname="TestCases.CartPageTest" name="verifyqtyLabelTest">
    <skipped/>
  </testcase> <!-- verifyqtyLabelTest -->
  <testcase classname="TestCases.CartPageTest" name="verifydescriptionLabelTest">
    <skipped/>
  </testcase> <!-- verifydescriptionLabelTest -->
  <testcase classname="TestCases.CartPageTest" name="verifyyourCartTextTest">
    <skipped/>
  </testcase> <!-- verifyyourCartTextTest -->
</testsuite> <!-- TestCases.CartPageTest -->
