<?xml version="1.0" encoding="UTF-8"?>
<!-- Generated by org.testng.reporters.JUnitReportReporter -->
<testsuite hostname="DESKTOP-46COAO3" failures="0" tests="7" name="TestCases.CheckOutPageTest" time="301.362" errors="0" timestamp="2022-12-31T15:46:32 IST" skipped="0">
  <testcase classname="TestCases.CheckOutPageTest" name="verifyCheckOutPageUrlTest" time="39.163"/>
  <testcase classname="TestCases.CheckOutPageTest" name="verifyErrorMessageLastTest" time="47.712"/>
  <testcase classname="TestCases.CheckOutPageTest" name="verifyContinButtonTest" time="39.851"/>
  <testcase classname="TestCases.CheckOutPageTest" name="verifycheckoutLabelTest" time="39.125"/>
  <testcase classname="TestCases.CheckOutPageTest" name="personaInfoTest" time="49.701"/>
  <testcase classname="TestCases.CheckOutPageTest" name="verifyErrorMessageFirstTest" time="41.688"/>
  <testcase classname="TestCases.CheckOutPageTest" name="verifyErrorMessageZipCodeTest" time="44.122"/>
</testsuite> <!-- TestCases.CheckOutPageTest -->
