<?xml version="1.0" encoding="UTF-8"?>
<!-- Generated by org.testng.reporters.JUnitReportReporter -->
<testsuite hostname="DESKTOP-46COAO3" failures="0" tests="8" name="TestCases.LoginPageTest" time="86.282" errors="0" timestamp="2023-01-16T17:50:28 IST" skipped="5">
  <testcase classname="TestCases.LoginPageTest" name="verifyTitleTest" time="46.369"/>
  <testcase classname="TestCases.LoginPageTest" name="verifyCurrentUrlTest" time="13.176"/>
  <testcase classname="TestCases.LoginPageTest" name="LoginToAppTest" time="26.737"/>
  <testcase classname="TestCases.LoginPageTest" name="verifyerrorMsgUsernameTest">
    <skipped/>
  </testcase> <!-- verifyerrorMsgUsernameTest -->
  <testcase classname="TestCases.LoginPageTest" name="verifyerrorMsgPassworTest">
    <skipped/>
  </testcase> <!-- verifyerrorMsgPassworTest -->
  <testcase classname="TestCases.LoginPageTest" name="verifyLoginLogoTest">
    <skipped/>
  </testcase> <!-- verifyLoginLogoTest -->
  <testcase classname="TestCases.LoginPageTest" name="verifyProductTextTest">
    <skipped/>
  </testcase> <!-- verifyProductTextTest -->
  <testcase classname="TestCases.LoginPageTest" name="verifyBottomLogoTest">
    <skipped/>
  </testcase> <!-- verifyBottomLogoTest -->
</testsuite> <!-- TestCases.LoginPageTest -->
