<?xml version="1.0" encoding="UTF-8"?>
<!-- Generated by org.testng.reporters.JUnitReportReporter -->
<testsuite hostname="DESKTOP-46COAO3" failures="0" tests="3" name="TestCases.InventoryPageTest" time="23.085" errors="0" timestamp="2023-01-09T17:12:50 IST" skipped="2">
  <testcase classname="TestCases.InventoryPageTest" name="verifyfooterLogoTest" time="23.085"/>
  <testcase classname="TestCases.InventoryPageTest" name="addProductTest">
    <skipped/>
  </testcase> <!-- addProductTest -->
  <testcase classname="TestCases.InventoryPageTest" name="verifyProductTextTest">
    <skipped/>
  </testcase> <!-- verifyProductTextTest -->
</testsuite> <!-- TestCases.InventoryPageTest -->
