<?xml version="1.0" encoding="UTF-8"?>
<!-- Generated by org.testng.reporters.JUnitReportReporter -->
<testsuite hostname="DESKTOP-46COAO3" failures="0" tests="2" name="TestCases.GroupTest" time="25.578" errors="0" timestamp="2023-01-09T17:12:50 IST" skipped="0">
  <testcase classname="TestCases.GroupTest" name="verifyTitleTest3" time="9.834"/>
  <testcase classname="TestCases.GroupTest" name="verifyTitleTest1" time="15.744"/>
</testsuite> <!-- TestCases.GroupTest -->
