<?xml version="1.0" encoding="UTF-8"?>
<!-- Generated by org.testng.reporters.JUnitReportReporter -->
<testsuite hostname="DESKTOP-46COAO3" failures="0" tests="1" name="TestCases.PriorityTest" time="9.241" errors="0" timestamp="2023-01-04T18:41:02 IST" skipped="0">
  <testcase classname="TestCases.PriorityTest" name="verifyTitleTest1" time="9.241"/>
</testsuite> <!-- TestCases.PriorityTest -->
