<?xml version="1.0" encoding="UTF-8"?>
<!-- Generated by org.testng.reporters.JUnitReportReporter -->
<testsuite hostname="DESKTOP-46COAO3" failures="0" tests="1" name="TestCases.OverviewPageTest" time="62.226" errors="0" timestamp="2022-12-30T19:00:18 IST" skipped="0">
  <testcase classname="TestCases.OverviewPageTest" name="verifyitemToatal" time="62.226"/>
</testsuite> <!-- TestCases.OverviewPageTest -->
