<?xml version="1.0" encoding="UTF-8"?>
<!-- Generated by org.testng.reporters.JUnitReportReporter -->
<testsuite hostname="DESKTOP-46COAO3" failures="0" tests="4" name="TestCases.ParallelTest" time="307.975" errors="0" timestamp="2023-01-09T23:35:40 IST" skipped="0">
  <testcase classname="TestCases.ParallelTest" name="test1" time="68.851"/>
  <testcase classname="TestCases.ParallelTest" name="test3" time="71.162"/>
  <testcase classname="TestCases.ParallelTest" name="test2" time="82.890"/>
  <testcase classname="TestCases.ParallelTest" name="test4" time="85.072"/>
</testsuite> <!-- TestCases.ParallelTest -->
