<?xml version="1.0" encoding="UTF-8"?>
<!-- Generated by org.testng.reporters.JUnitReportReporter -->
<testsuite hostname="DESKTOP-46COAO3" failures="0" tests="2" name="TestCases.DepandantTest" time="25.274" errors="0" timestamp="2023-01-04T17:49:47 IST" skipped="0">
  <testcase classname="TestCases.DepandantTest" name="verifyTitleTest" time="15.305"/>
  <testcase classname="TestCases.DepandantTest" name="verifyCurrentUrlTest" time="9.969"/>
</testsuite> <!-- TestCases.DepandantTest -->
